{"C:\\Users\\lenovo\\Documents\\resources\\jeniustest\\App.js": {"path":"C:\\Users\\lenovo\\Documents\\resources\\jeniustest\\App.js","statementMap":{"0":{"start":{"line":9,"column":12},"end":{"line":20,"column":1}},"1":{"start":{"line":10,"column":2},"end":{"line":19,"column":4}}},"fnMap":{"0":{"name":"(anonymous_0)","decl":{"start":{"line":9,"column":12},"end":{"line":9,"column":13}},"loc":{"start":{"line":9,"column":25},"end":{"line":20,"column":1}},"line":9}},"branchMap":{},"s":{"0":1,"1":1},"f":{"0":1},"b":{},"_coverageSchema":"1a1c01bbd47fc00a2c39e90264f33305004495a9","hash":"b1aef2cc98f9372aa012135381a01e09e1c314d2"}
,"C:\\Users\\lenovo\\Documents\\resources\\jeniustest\\src\\components\\BottomNav.js": {"path":"C:\\Users\\lenovo\\Documents\\resources\\jeniustest\\src\\components\\BottomNav.js","statementMap":{"0":{"start":{"line":9,"column":12},"end":{"line":9,"column":38}},"1":{"start":{"line":11,"column":26},"end":{"line":17,"column":1}},"2":{"start":{"line":20,"column":2},"end":{"line":65,"column":4}},"3":{"start":{"line":27,"column":12},"end":{"line":31,"column":14}},"4":{"start":{"line":47,"column":12},"end":{"line":51,"column":14}}},"fnMap":{"0":{"name":"BottomNav","decl":{"start":{"line":19,"column":9},"end":{"line":19,"column":18}},"loc":{"start":{"line":19,"column":21},"end":{"line":66,"column":1}},"line":19},"1":{"name":"(anonymous_1)","decl":{"start":{"line":26,"column":21},"end":{"line":26,"column":22}},"loc":{"start":{"line":27,"column":12},"end":{"line":31,"column":14}},"line":27},"2":{"name":"(anonymous_2)","decl":{"start":{"line":46,"column":21},"end":{"line":46,"column":22}},"loc":{"start":{"line":47,"column":12},"end":{"line":51,"column":14}},"line":47}},"branchMap":{},"s":{"0":1,"1":1,"2":0,"3":0,"4":0},"f":{"0":0,"1":0,"2":0},"b":{},"_coverageSchema":"1a1c01bbd47fc00a2c39e90264f33305004495a9","hash":"71770c67c3c9301b3f2b851b928a87153746c6f6"}
,"C:\\Users\\lenovo\\Documents\\resources\\jeniustest\\src\\components\\DeleteDialog.js": {"path":"C:\\Users\\lenovo\\Documents\\resources\\jeniustest\\src\\components\\DeleteDialog.js","statementMap":{"0":{"start":{"line":10,"column":21},"end":{"line":48,"column":1}},"1":{"start":{"line":11,"column":19},"end":{"line":11,"column":32}},"2":{"start":{"line":13,"column":23},"end":{"line":18,"column":3}},"3":{"start":{"line":14,"column":4},"end":{"line":14,"column":20}},"4":{"start":{"line":15,"column":4},"end":{"line":15,"column":38}},"5":{"start":{"line":17,"column":4},"end":{"line":17,"column":19}},"6":{"start":{"line":20,"column":2},"end":{"line":47,"column":4}},"7":{"start":{"line":50,"column":15},"end":{"line":66,"column":2}}},"fnMap":{"0":{"name":"(anonymous_0)","decl":{"start":{"line":10,"column":21},"end":{"line":10,"column":22}},"loc":{"start":{"line":10,"column":54},"end":{"line":48,"column":1}},"line":10},"1":{"name":"(anonymous_1)","decl":{"start":{"line":13,"column":23},"end":{"line":13,"column":24}},"loc":{"start":{"line":13,"column":35},"end":{"line":18,"column":3}},"line":13}},"branchMap":{},"s":{"0":2,"1":0,"2":0,"3":0,"4":0,"5":0,"6":0,"7":2},"f":{"0":0,"1":0},"b":{},"_coverageSchema":"1a1c01bbd47fc00a2c39e90264f33305004495a9","hash":"f3f984e2ce856a586d854dbcb5d74a5b072b0345"}
,"C:\\Users\\lenovo\\Documents\\resources\\jeniustest\\src\\components\\Header.js": {"path":"C:\\Users\\lenovo\\Documents\\resources\\jeniustest\\src\\components\\Header.js","statementMap":{"0":{"start":{"line":6,"column":15},"end":{"line":12,"column":1}},"1":{"start":{"line":7,"column":2},"end":{"line":11,"column":4}},"2":{"start":{"line":14,"column":15},"end":{"line":24,"column":2}}},"fnMap":{"0":{"name":"(anonymous_0)","decl":{"start":{"line":6,"column":15},"end":{"line":6,"column":16}},"loc":{"start":{"line":6,"column":21},"end":{"line":12,"column":1}},"line":6}},"branchMap":{},"s":{"0":1,"1":0,"2":1},"f":{"0":0},"b":{},"_coverageSchema":"1a1c01bbd47fc00a2c39e90264f33305004495a9","hash":"7ae87a35e75f03444a64962c8c24bf947419721f"}
,"C:\\Users\\lenovo\\Documents\\resources\\jeniustest\\src\\components\\Section.js": {"path":"C:\\Users\\lenovo\\Documents\\resources\\jeniustest\\src\\components\\Section.js","statementMap":{"0":{"start":{"line":9,"column":16},"end":{"line":78,"column":1}},"1":{"start":{"line":10,"column":32},"end":{"line":10,"column":47}},"2":{"start":{"line":12,"column":23},"end":{"line":14,"column":3}},"3":{"start":{"line":13,"column":4},"end":{"line":13,"column":32}},"4":{"start":{"line":16,"column":2},"end":{"line":77,"column":4}},"5":{"start":{"line":55,"column":25},"end":{"line":55,"column":58}},"6":{"start":{"line":66,"column":25},"end":{"line":66,"column":41}},"7":{"start":{"line":80,"column":15},"end":{"line":116,"column":2}}},"fnMap":{"0":{"name":"(anonymous_0)","decl":{"start":{"line":9,"column":16},"end":{"line":9,"column":17}},"loc":{"start":{"line":9,"column":77},"end":{"line":78,"column":1}},"line":9},"1":{"name":"(anonymous_1)","decl":{"start":{"line":12,"column":23},"end":{"line":12,"column":24}},"loc":{"start":{"line":12,"column":29},"end":{"line":14,"column":3}},"line":12},"2":{"name":"(anonymous_2)","decl":{"start":{"line":55,"column":19},"end":{"line":55,"column":20}},"loc":{"start":{"line":55,"column":25},"end":{"line":55,"column":58}},"line":55},"3":{"name":"(anonymous_3)","decl":{"start":{"line":66,"column":19},"end":{"line":66,"column":20}},"loc":{"start":{"line":66,"column":25},"end":{"line":66,"column":41}},"line":66}},"branchMap":{},"s":{"0":1,"1":0,"2":0,"3":0,"4":0,"5":0,"6":0,"7":1},"f":{"0":0,"1":0,"2":0,"3":0},"b":{},"_coverageSchema":"1a1c01bbd47fc00a2c39e90264f33305004495a9","hash":"a8503f58039e86ee6dd77a34acface4793504f43"}
,"C:\\Users\\lenovo\\Documents\\resources\\jeniustest\\src\\components\\StackNav.js": {"path":"C:\\Users\\lenovo\\Documents\\resources\\jeniustest\\src\\components\\StackNav.js","statementMap":{"0":{"start":{"line":8,"column":14},"end":{"line":8,"column":36}},"1":{"start":{"line":10,"column":26},"end":{"line":29,"column":1}},"2":{"start":{"line":31,"column":27},"end":{"line":38,"column":1}},"3":{"start":{"line":32,"column":2},"end":{"line":37,"column":4}},"4":{"start":{"line":40,"column":29},"end":{"line":46,"column":1}},"5":{"start":{"line":41,"column":2},"end":{"line":45,"column":4}}},"fnMap":{"0":{"name":"(anonymous_0)","decl":{"start":{"line":31,"column":27},"end":{"line":31,"column":28}},"loc":{"start":{"line":31,"column":33},"end":{"line":38,"column":1}},"line":31},"1":{"name":"(anonymous_1)","decl":{"start":{"line":40,"column":29},"end":{"line":40,"column":30}},"loc":{"start":{"line":40,"column":35},"end":{"line":46,"column":1}},"line":40}},"branchMap":{},"s":{"0":1,"1":1,"2":1,"3":0,"4":1,"5":0},"f":{"0":0,"1":0},"b":{},"_coverageSchema":"1a1c01bbd47fc00a2c39e90264f33305004495a9","hash":"fb7555820d773954da6110b91b42c079caeecdd7"}
,"C:\\Users\\lenovo\\Documents\\resources\\jeniustest\\src\\components\\index.js": {"path":"C:\\Users\\lenovo\\Documents\\resources\\jeniustest\\src\\components\\index.js","statementMap":{},"fnMap":{},"branchMap":{},"s":{},"f":{},"b":{},"_coverageSchema":"1a1c01bbd47fc00a2c39e90264f33305004495a9","hash":"4efc49fe706f07814796297a0d134273138f7f2b"}
,"C:\\Users\\lenovo\\Documents\\resources\\jeniustest\\src\\config\\axios.js": {"path":"C:\\Users\\lenovo\\Documents\\resources\\jeniustest\\src\\config\\axios.js","statementMap":{"0":{"start":{"line":4,"column":17},"end":{"line":6,"column":2}}},"fnMap":{},"branchMap":{},"s":{"0":2},"f":{},"b":{},"_coverageSchema":"1a1c01bbd47fc00a2c39e90264f33305004495a9","hash":"fa8acf9a8826b7a27fb07bf22a069f2a69c4b8db"}
,"C:\\Users\\lenovo\\Documents\\resources\\jeniustest\\src\\pages\\Create.js": {"path":"C:\\Users\\lenovo\\Documents\\resources\\jeniustest\\src\\pages\\Create.js","statementMap":{"0":{"start":{"line":15,"column":15},"end":{"line":125,"column":1}},"1":{"start":{"line":16,"column":19},"end":{"line":16,"column":32}},"2":{"start":{"line":18,"column":34},"end":{"line":23,"column":4}},"3":{"start":{"line":25,"column":23},"end":{"line":30,"column":3}},"4":{"start":{"line":26,"column":4},"end":{"line":29,"column":8}},"5":{"start":{"line":26,"column":36},"end":{"line":29,"column":5}},"6":{"start":{"line":32,"column":23},"end":{"line":36,"column":3}},"7":{"start":{"line":33,"column":4},"end":{"line":33,"column":43}},"8":{"start":{"line":35,"column":4},"end":{"line":35,"column":50}},"9":{"start":{"line":38,"column":2},"end":{"line":49,"column":19}},"10":{"start":{"line":39,"column":24},"end":{"line":46,"column":6}},"11":{"start":{"line":40,"column":6},"end":{"line":45,"column":9}},"12":{"start":{"line":48,"column":4},"end":{"line":48,"column":23}},"13":{"start":{"line":51,"column":2},"end":{"line":124,"column":4}},"14":{"start":{"line":67,"column":37},"end":{"line":67,"column":67}},"15":{"start":{"line":82,"column":37},"end":{"line":82,"column":66}},"16":{"start":{"line":98,"column":37},"end":{"line":98,"column":69}},"17":{"start":{"line":112,"column":37},"end":{"line":112,"column":63}},"18":{"start":{"line":118,"column":27},"end":{"line":118,"column":49}},"19":{"start":{"line":127,"column":15},"end":{"line":161,"column":2}}},"fnMap":{"0":{"name":"(anonymous_0)","decl":{"start":{"line":15,"column":15},"end":{"line":15,"column":16}},"loc":{"start":{"line":15,"column":33},"end":{"line":125,"column":1}},"line":15},"1":{"name":"(anonymous_1)","decl":{"start":{"line":25,"column":23},"end":{"line":25,"column":24}},"loc":{"start":{"line":25,"column":38},"end":{"line":30,"column":3}},"line":25},"2":{"name":"(anonymous_2)","decl":{"start":{"line":26,"column":23},"end":{"line":26,"column":24}},"loc":{"start":{"line":26,"column":36},"end":{"line":29,"column":5}},"line":26},"3":{"name":"(anonymous_3)","decl":{"start":{"line":32,"column":23},"end":{"line":32,"column":24}},"loc":{"start":{"line":32,"column":42},"end":{"line":36,"column":3}},"line":32},"4":{"name":"(anonymous_4)","decl":{"start":{"line":38,"column":18},"end":{"line":38,"column":19}},"loc":{"start":{"line":38,"column":24},"end":{"line":49,"column":3}},"line":38},"5":{"name":"(anonymous_5)","decl":{"start":{"line":39,"column":56},"end":{"line":39,"column":57}},"loc":{"start":{"line":39,"column":62},"end":{"line":46,"column":5}},"line":39},"6":{"name":"(anonymous_6)","decl":{"start":{"line":67,"column":28},"end":{"line":67,"column":29}},"loc":{"start":{"line":67,"column":37},"end":{"line":67,"column":67}},"line":67},"7":{"name":"(anonymous_7)","decl":{"start":{"line":82,"column":28},"end":{"line":82,"column":29}},"loc":{"start":{"line":82,"column":37},"end":{"line":82,"column":66}},"line":82},"8":{"name":"(anonymous_8)","decl":{"start":{"line":98,"column":28},"end":{"line":98,"column":29}},"loc":{"start":{"line":98,"column":37},"end":{"line":98,"column":69}},"line":98},"9":{"name":"(anonymous_9)","decl":{"start":{"line":112,"column":28},"end":{"line":112,"column":29}},"loc":{"start":{"line":112,"column":37},"end":{"line":112,"column":63}},"line":112},"10":{"name":"(anonymous_10)","decl":{"start":{"line":118,"column":21},"end":{"line":118,"column":22}},"loc":{"start":{"line":118,"column":27},"end":{"line":118,"column":49}},"line":118}},"branchMap":{},"s":{"0":1,"1":0,"2":0,"3":0,"4":0,"5":0,"6":0,"7":0,"8":0,"9":0,"10":0,"11":0,"12":0,"13":0,"14":0,"15":0,"16":0,"17":0,"18":0,"19":1},"f":{"0":0,"1":0,"2":0,"3":0,"4":0,"5":0,"6":0,"7":0,"8":0,"9":0,"10":0},"b":{},"_coverageSchema":"1a1c01bbd47fc00a2c39e90264f33305004495a9","hash":"b680a53f4c2188914230d553e0fbb3212cca278f"}
,"C:\\Users\\lenovo\\Documents\\resources\\jeniustest\\src\\pages\\Edit.js": {"path":"C:\\Users\\lenovo\\Documents\\resources\\jeniustest\\src\\pages\\Edit.js","statementMap":{"0":{"start":{"line":15,"column":13},"end":{"line":129,"column":1}},"1":{"start":{"line":16,"column":17},"end":{"line":16,"column":29}},"2":{"start":{"line":18,"column":2},"end":{"line":20,"column":21}},"3":{"start":{"line":19,"column":4},"end":{"line":19,"column":31}},"4":{"start":{"line":22,"column":32},"end":{"line":22,"column":37}},"5":{"start":{"line":24,"column":2},"end":{"line":31,"column":20}},"6":{"start":{"line":25,"column":14},"end":{"line":25,"column":21}},"7":{"start":{"line":26,"column":4},"end":{"line":29,"column":5}},"8":{"start":{"line":27,"column":6},"end":{"line":27,"column":20}},"9":{"start":{"line":28,"column":6},"end":{"line":28,"column":35}},"10":{"start":{"line":30,"column":4},"end":{"line":30,"column":21}},"11":{"start":{"line":33,"column":23},"end":{"line":38,"column":3}},"12":{"start":{"line":34,"column":4},"end":{"line":37,"column":8}},"13":{"start":{"line":34,"column":36},"end":{"line":37,"column":5}},"14":{"start":{"line":40,"column":23},"end":{"line":44,"column":3}},"15":{"start":{"line":41,"column":4},"end":{"line":41,"column":47}},"16":{"start":{"line":43,"column":4},"end":{"line":43,"column":50}},"17":{"start":{"line":46,"column":2},"end":{"line":51,"column":28}},"18":{"start":{"line":47,"column":24},"end":{"line":49,"column":6}},"19":{"start":{"line":48,"column":6},"end":{"line":48,"column":27}},"20":{"start":{"line":50,"column":4},"end":{"line":50,"column":23}},"21":{"start":{"line":53,"column":34},"end":{"line":53,"column":51}},"22":{"start":{"line":55,"column":2},"end":{"line":128,"column":4}},"23":{"start":{"line":71,"column":37},"end":{"line":71,"column":67}},"24":{"start":{"line":86,"column":37},"end":{"line":86,"column":66}},"25":{"start":{"line":102,"column":37},"end":{"line":102,"column":69}},"26":{"start":{"line":116,"column":37},"end":{"line":116,"column":63}},"27":{"start":{"line":122,"column":27},"end":{"line":122,"column":49}},"28":{"start":{"line":131,"column":15},"end":{"line":171,"column":2}},"29":{"start":{"line":174,"column":22},"end":{"line":174,"column":27}},"30":{"start":{"line":175,"column":2},"end":{"line":177,"column":4}}},"fnMap":{"0":{"name":"(anonymous_0)","decl":{"start":{"line":15,"column":13},"end":{"line":15,"column":14}},"loc":{"start":{"line":15,"column":50},"end":{"line":129,"column":1}},"line":15},"1":{"name":"(anonymous_1)","decl":{"start":{"line":18,"column":12},"end":{"line":18,"column":13}},"loc":{"start":{"line":18,"column":18},"end":{"line":20,"column":3}},"line":18},"2":{"name":"(anonymous_2)","decl":{"start":{"line":24,"column":12},"end":{"line":24,"column":13}},"loc":{"start":{"line":24,"column":18},"end":{"line":31,"column":3}},"line":24},"3":{"name":"(anonymous_3)","decl":{"start":{"line":33,"column":23},"end":{"line":33,"column":24}},"loc":{"start":{"line":33,"column":38},"end":{"line":38,"column":3}},"line":33},"4":{"name":"(anonymous_4)","decl":{"start":{"line":34,"column":23},"end":{"line":34,"column":24}},"loc":{"start":{"line":34,"column":36},"end":{"line":37,"column":5}},"line":34},"5":{"name":"(anonymous_5)","decl":{"start":{"line":40,"column":23},"end":{"line":40,"column":24}},"loc":{"start":{"line":40,"column":42},"end":{"line":44,"column":3}},"line":40},"6":{"name":"(anonymous_6)","decl":{"start":{"line":46,"column":18},"end":{"line":46,"column":19}},"loc":{"start":{"line":46,"column":24},"end":{"line":51,"column":3}},"line":46},"7":{"name":"(anonymous_7)","decl":{"start":{"line":47,"column":56},"end":{"line":47,"column":57}},"loc":{"start":{"line":47,"column":62},"end":{"line":49,"column":5}},"line":47},"8":{"name":"(anonymous_8)","decl":{"start":{"line":71,"column":28},"end":{"line":71,"column":29}},"loc":{"start":{"line":71,"column":37},"end":{"line":71,"column":67}},"line":71},"9":{"name":"(anonymous_9)","decl":{"start":{"line":86,"column":28},"end":{"line":86,"column":29}},"loc":{"start":{"line":86,"column":37},"end":{"line":86,"column":66}},"line":86},"10":{"name":"(anonymous_10)","decl":{"start":{"line":102,"column":28},"end":{"line":102,"column":29}},"loc":{"start":{"line":102,"column":37},"end":{"line":102,"column":69}},"line":102},"11":{"name":"(anonymous_11)","decl":{"start":{"line":116,"column":28},"end":{"line":116,"column":29}},"loc":{"start":{"line":116,"column":37},"end":{"line":116,"column":63}},"line":116},"12":{"name":"(anonymous_12)","decl":{"start":{"line":122,"column":21},"end":{"line":122,"column":22}},"loc":{"start":{"line":122,"column":27},"end":{"line":122,"column":49}},"line":122},"13":{"name":"mapStateToProps","decl":{"start":{"line":173,"column":9},"end":{"line":173,"column":24}},"loc":{"start":{"line":173,"column":32},"end":{"line":178,"column":1}},"line":173}},"branchMap":{"0":{"loc":{"start":{"line":26,"column":4},"end":{"line":29,"column":5}},"type":"if","locations":[{"start":{"line":26,"column":4},"end":{"line":29,"column":5}},{"start":{},"end":{}}],"line":26}},"s":{"0":1,"1":0,"2":0,"3":0,"4":0,"5":0,"6":0,"7":0,"8":0,"9":0,"10":0,"11":0,"12":0,"13":0,"14":0,"15":0,"16":0,"17":0,"18":0,"19":0,"20":0,"21":0,"22":0,"23":0,"24":0,"25":0,"26":0,"27":0,"28":1,"29":0,"30":0},"f":{"0":0,"1":0,"2":0,"3":0,"4":0,"5":0,"6":0,"7":0,"8":0,"9":0,"10":0,"11":0,"12":0,"13":0},"b":{"0":[0,0]},"_coverageSchema":"1a1c01bbd47fc00a2c39e90264f33305004495a9","hash":"a0662c76b12832b1b94733db97cf45a038b9b02f"}
,"C:\\Users\\lenovo\\Documents\\resources\\jeniustest\\src\\pages\\Home.js": {"path":"C:\\Users\\lenovo\\Documents\\resources\\jeniustest\\src\\pages\\Home.js","statementMap":{"0":{"start":{"line":13,"column":13},"end":{"line":42,"column":1}},"1":{"start":{"line":14,"column":2},"end":{"line":19,"column":29}},"2":{"start":{"line":15,"column":24},"end":{"line":17,"column":6}},"3":{"start":{"line":16,"column":6},"end":{"line":16,"column":32}},"4":{"start":{"line":18,"column":4},"end":{"line":18,"column":23}},"5":{"start":{"line":21,"column":33},"end":{"line":21,"column":38}},"6":{"start":{"line":23,"column":2},"end":{"line":41,"column":4}},"7":{"start":{"line":28,"column":35},"end":{"line":37,"column":20}},"8":{"start":{"line":44,"column":15},"end":{"line":51,"column":2}},"9":{"start":{"line":54,"column":23},"end":{"line":54,"column":28}},"10":{"start":{"line":55,"column":2},"end":{"line":57,"column":4}}},"fnMap":{"0":{"name":"(anonymous_0)","decl":{"start":{"line":13,"column":13},"end":{"line":13,"column":14}},"loc":{"start":{"line":13,"column":41},"end":{"line":42,"column":1}},"line":13},"1":{"name":"(anonymous_1)","decl":{"start":{"line":14,"column":12},"end":{"line":14,"column":13}},"loc":{"start":{"line":14,"column":18},"end":{"line":19,"column":3}},"line":14},"2":{"name":"(anonymous_2)","decl":{"start":{"line":15,"column":56},"end":{"line":15,"column":57}},"loc":{"start":{"line":15,"column":62},"end":{"line":17,"column":5}},"line":15},"3":{"name":"(anonymous_3)","decl":{"start":{"line":28,"column":22},"end":{"line":28,"column":23}},"loc":{"start":{"line":28,"column":35},"end":{"line":37,"column":20}},"line":28},"4":{"name":"mapStateToProps","decl":{"start":{"line":53,"column":9},"end":{"line":53,"column":24}},"loc":{"start":{"line":53,"column":32},"end":{"line":58,"column":1}},"line":53}},"branchMap":{},"s":{"0":1,"1":0,"2":0,"3":0,"4":0,"5":0,"6":0,"7":0,"8":1,"9":0,"10":0},"f":{"0":0,"1":0,"2":0,"3":0,"4":0},"b":{},"_coverageSchema":"1a1c01bbd47fc00a2c39e90264f33305004495a9","hash":"cdf5ae8e342dd877aa10de79810291097b28ea98"}
,"C:\\Users\\lenovo\\Documents\\resources\\jeniustest\\src\\pages\\index.js": {"path":"C:\\Users\\lenovo\\Documents\\resources\\jeniustest\\src\\pages\\index.js","statementMap":{},"fnMap":{},"branchMap":{},"s":{},"f":{},"b":{},"_coverageSchema":"1a1c01bbd47fc00a2c39e90264f33305004495a9","hash":"6ef044ee88498dd800207210a3e1f014a22acb92"}
,"C:\\Users\\lenovo\\Documents\\resources\\jeniustest\\src\\store\\actions.js": {"path":"C:\\Users\\lenovo\\Documents\\resources\\jeniustest\\src\\store\\actions.js","statementMap":{"0":{"start":{"line":5,"column":2},"end":{"line":5,"column":48}},"1":{"start":{"line":9,"column":2},"end":{"line":9,"column":46}},"2":{"start":{"line":13,"column":2},"end":{"line":13,"column":49}},"3":{"start":{"line":16,"column":29},"end":{"line":29,"column":1}},"4":{"start":{"line":16,"column":35},"end":{"line":29,"column":1}},"5":{"start":{"line":17,"column":2},"end":{"line":28,"column":7}},"6":{"start":{"line":23,"column":6},"end":{"line":23,"column":50}},"7":{"start":{"line":26,"column":6},"end":{"line":26,"column":23}},"8":{"start":{"line":31,"column":28},"end":{"line":44,"column":1}},"9":{"start":{"line":31,"column":36},"end":{"line":44,"column":1}},"10":{"start":{"line":32,"column":2},"end":{"line":43,"column":7}},"11":{"start":{"line":37,"column":6},"end":{"line":37,"column":33}},"12":{"start":{"line":38,"column":6},"end":{"line":38,"column":49}},"13":{"start":{"line":41,"column":6},"end":{"line":41,"column":23}},"14":{"start":{"line":46,"column":29},"end":{"line":59,"column":1}},"15":{"start":{"line":46,"column":37},"end":{"line":59,"column":1}},"16":{"start":{"line":47,"column":2},"end":{"line":58,"column":7}},"17":{"start":{"line":52,"column":6},"end":{"line":52,"column":40}},"18":{"start":{"line":53,"column":6},"end":{"line":53,"column":29}},"19":{"start":{"line":56,"column":6},"end":{"line":56,"column":36}},"20":{"start":{"line":61,"column":29},"end":{"line":75,"column":1}},"21":{"start":{"line":61,"column":39},"end":{"line":75,"column":1}},"22":{"start":{"line":62,"column":2},"end":{"line":74,"column":7}},"23":{"start":{"line":68,"column":6},"end":{"line":68,"column":28}},"24":{"start":{"line":69,"column":6},"end":{"line":69,"column":29}},"25":{"start":{"line":72,"column":6},"end":{"line":72,"column":23}},"26":{"start":{"line":77,"column":29},"end":{"line":91,"column":1}},"27":{"start":{"line":77,"column":43},"end":{"line":91,"column":1}},"28":{"start":{"line":78,"column":2},"end":{"line":90,"column":7}},"29":{"start":{"line":84,"column":6},"end":{"line":84,"column":28}},"30":{"start":{"line":85,"column":6},"end":{"line":85,"column":29}},"31":{"start":{"line":88,"column":6},"end":{"line":88,"column":23}}},"fnMap":{"0":{"name":"setContacts","decl":{"start":{"line":4,"column":16},"end":{"line":4,"column":27}},"loc":{"start":{"line":4,"column":35},"end":{"line":6,"column":1}},"line":4},"1":{"name":"setContact","decl":{"start":{"line":8,"column":16},"end":{"line":8,"column":26}},"loc":{"start":{"line":8,"column":34},"end":{"line":10,"column":1}},"line":8},"2":{"name":"setDeleteId","decl":{"start":{"line":12,"column":16},"end":{"line":12,"column":27}},"loc":{"start":{"line":12,"column":35},"end":{"line":14,"column":1}},"line":12},"3":{"name":"(anonymous_3)","decl":{"start":{"line":16,"column":29},"end":{"line":16,"column":30}},"loc":{"start":{"line":16,"column":35},"end":{"line":29,"column":1}},"line":16},"4":{"name":"(anonymous_4)","decl":{"start":{"line":16,"column":35},"end":{"line":16,"column":36}},"loc":{"start":{"line":16,"column":59},"end":{"line":29,"column":1}},"line":16},"5":{"name":"(anonymous_5)","decl":{"start":{"line":21,"column":10},"end":{"line":21,"column":11}},"loc":{"start":{"line":21,"column":17},"end":{"line":24,"column":5}},"line":21},"6":{"name":"(anonymous_6)","decl":{"start":{"line":25,"column":11},"end":{"line":25,"column":12}},"loc":{"start":{"line":25,"column":18},"end":{"line":28,"column":5}},"line":25},"7":{"name":"(anonymous_7)","decl":{"start":{"line":31,"column":28},"end":{"line":31,"column":29}},"loc":{"start":{"line":31,"column":36},"end":{"line":44,"column":1}},"line":31},"8":{"name":"(anonymous_8)","decl":{"start":{"line":31,"column":36},"end":{"line":31,"column":37}},"loc":{"start":{"line":31,"column":60},"end":{"line":44,"column":1}},"line":31},"9":{"name":"(anonymous_9)","decl":{"start":{"line":36,"column":10},"end":{"line":36,"column":11}},"loc":{"start":{"line":36,"column":17},"end":{"line":39,"column":5}},"line":36},"10":{"name":"(anonymous_10)","decl":{"start":{"line":40,"column":11},"end":{"line":40,"column":12}},"loc":{"start":{"line":40,"column":18},"end":{"line":43,"column":5}},"line":40},"11":{"name":"(anonymous_11)","decl":{"start":{"line":46,"column":29},"end":{"line":46,"column":30}},"loc":{"start":{"line":46,"column":37},"end":{"line":59,"column":1}},"line":46},"12":{"name":"(anonymous_12)","decl":{"start":{"line":46,"column":37},"end":{"line":46,"column":38}},"loc":{"start":{"line":46,"column":61},"end":{"line":59,"column":1}},"line":46},"13":{"name":"(anonymous_13)","decl":{"start":{"line":51,"column":10},"end":{"line":51,"column":11}},"loc":{"start":{"line":51,"column":17},"end":{"line":54,"column":5}},"line":51},"14":{"name":"(anonymous_14)","decl":{"start":{"line":55,"column":11},"end":{"line":55,"column":12}},"loc":{"start":{"line":55,"column":18},"end":{"line":58,"column":5}},"line":55},"15":{"name":"(anonymous_15)","decl":{"start":{"line":61,"column":29},"end":{"line":61,"column":30}},"loc":{"start":{"line":61,"column":39},"end":{"line":75,"column":1}},"line":61},"16":{"name":"(anonymous_16)","decl":{"start":{"line":61,"column":39},"end":{"line":61,"column":40}},"loc":{"start":{"line":61,"column":63},"end":{"line":75,"column":1}},"line":61},"17":{"name":"(anonymous_17)","decl":{"start":{"line":67,"column":10},"end":{"line":67,"column":11}},"loc":{"start":{"line":67,"column":17},"end":{"line":70,"column":5}},"line":67},"18":{"name":"(anonymous_18)","decl":{"start":{"line":71,"column":11},"end":{"line":71,"column":12}},"loc":{"start":{"line":71,"column":18},"end":{"line":74,"column":5}},"line":71},"19":{"name":"(anonymous_19)","decl":{"start":{"line":77,"column":29},"end":{"line":77,"column":30}},"loc":{"start":{"line":77,"column":43},"end":{"line":91,"column":1}},"line":77},"20":{"name":"(anonymous_20)","decl":{"start":{"line":77,"column":43},"end":{"line":77,"column":44}},"loc":{"start":{"line":77,"column":67},"end":{"line":91,"column":1}},"line":77},"21":{"name":"(anonymous_21)","decl":{"start":{"line":83,"column":10},"end":{"line":83,"column":11}},"loc":{"start":{"line":83,"column":17},"end":{"line":86,"column":5}},"line":83},"22":{"name":"(anonymous_22)","decl":{"start":{"line":87,"column":11},"end":{"line":87,"column":12}},"loc":{"start":{"line":87,"column":18},"end":{"line":90,"column":5}},"line":87}},"branchMap":{},"s":{"0":0,"1":0,"2":0,"3":2,"4":0,"5":0,"6":0,"7":0,"8":2,"9":0,"10":0,"11":0,"12":0,"13":0,"14":2,"15":0,"16":0,"17":0,"18":0,"19":0,"20":2,"21":0,"22":0,"23":0,"24":0,"25":0,"26":2,"27":0,"28":0,"29":0,"30":0,"31":0},"f":{"0":0,"1":0,"2":0,"3":0,"4":0,"5":0,"6":0,"7":0,"8":0,"9":0,"10":0,"11":0,"12":0,"13":0,"14":0,"15":0,"16":0,"17":0,"18":0,"19":0,"20":0,"21":0,"22":0},"b":{},"_coverageSchema":"1a1c01bbd47fc00a2c39e90264f33305004495a9","hash":"17abfade0f2ebf0aacdabaa76d386655c4551c6f"}
,"C:\\Users\\lenovo\\Documents\\resources\\jeniustest\\src\\store\\index.js": {"path":"C:\\Users\\lenovo\\Documents\\resources\\jeniustest\\src\\store\\index.js","statementMap":{"0":{"start":{"line":6,"column":19},"end":{"line":10,"column":1}},"1":{"start":{"line":13,"column":2},"end":{"line":22,"column":3}},"2":{"start":{"line":15,"column":6},"end":{"line":15,"column":51}},"3":{"start":{"line":17,"column":6},"end":{"line":17,"column":49}},"4":{"start":{"line":19,"column":6},"end":{"line":19,"column":51}},"5":{"start":{"line":21,"column":6},"end":{"line":21,"column":26}},"6":{"start":{"line":25,"column":14},"end":{"line":25,"column":58}}},"fnMap":{"0":{"name":"reducer","decl":{"start":{"line":12,"column":9},"end":{"line":12,"column":16}},"loc":{"start":{"line":12,"column":48},"end":{"line":23,"column":1}},"line":12}},"branchMap":{"0":{"loc":{"start":{"line":12,"column":18},"end":{"line":12,"column":38}},"type":"default-arg","locations":[{"start":{"line":12,"column":26},"end":{"line":12,"column":38}}],"line":12},"1":{"loc":{"start":{"line":13,"column":2},"end":{"line":22,"column":3}},"type":"switch","locations":[{"start":{"line":14,"column":4},"end":{"line":15,"column":51}},{"start":{"line":16,"column":4},"end":{"line":17,"column":49}},{"start":{"line":18,"column":4},"end":{"line":19,"column":51}},{"start":{"line":20,"column":4},"end":{"line":21,"column":26}}],"line":13}},"s":{"0":2,"1":2,"2":0,"3":0,"4":0,"5":2,"6":2},"f":{"0":2},"b":{"0":[2],"1":[0,0,0,2]},"_coverageSchema":"1a1c01bbd47fc00a2c39e90264f33305004495a9","hash":"c487de68cec2a0ac389c6435d75395229e328343"}
}
