TN:
SF:App.js
FN:9,(anonymous_0)
FNF:1
FNH:1
FNDA:1,(anonymous_0)
DA:9,1
DA:10,1
LF:2
LH:2
BRF:0
BRH:0
end_of_record
TN:
SF:src\components\BottomNav.js
FN:19,BottomNav
FN:26,(anonymous_1)
FN:46,(anonymous_2)
FNF:3
FNH:0
FNDA:0,BottomNav
FNDA:0,(anonymous_1)
FNDA:0,(anonymous_2)
DA:9,1
DA:11,1
DA:20,0
DA:27,0
DA:47,0
LF:5
LH:2
BRF:0
BRH:0
end_of_record
TN:
SF:src\components\DeleteDialog.js
FN:10,(anonymous_0)
FN:13,(anonymous_1)
FNF:2
FNH:0
FNDA:0,(anonymous_0)
FNDA:0,(anonymous_1)
DA:10,2
DA:11,0
DA:13,0
DA:14,0
DA:15,0
DA:17,0
DA:20,0
DA:50,2
LF:8
LH:2
BRF:0
BRH:0
end_of_record
TN:
SF:src\components\Header.js
FN:6,(anonymous_0)
FNF:1
FNH:0
FNDA:0,(anonymous_0)
DA:6,1
DA:7,0
DA:14,1
LF:3
LH:2
BRF:0
BRH:0
end_of_record
TN:
SF:src\components\Section.js
FN:9,(anonymous_0)
FN:12,(anonymous_1)
FN:55,(anonymous_2)
FN:66,(anonymous_3)
FNF:4
FNH:0
FNDA:0,(anonymous_0)
FNDA:0,(anonymous_1)
FNDA:0,(anonymous_2)
FNDA:0,(anonymous_3)
DA:9,1
DA:10,0
DA:12,0
DA:13,0
DA:16,0
DA:55,0
DA:66,0
DA:80,1
LF:8
LH:2
BRF:0
BRH:0
end_of_record
TN:
SF:src\components\StackNav.js
FN:31,(anonymous_0)
FN:40,(anonymous_1)
FNF:2
FNH:0
FNDA:0,(anonymous_0)
FNDA:0,(anonymous_1)
DA:8,1
DA:10,1
DA:31,1
DA:32,0
DA:40,1
DA:41,0
LF:6
LH:4
BRF:0
BRH:0
end_of_record
TN:
SF:src\components\index.js
FNF:0
FNH:0
LF:0
LH:0
BRF:0
BRH:0
end_of_record
TN:
SF:src\config\axios.js
FNF:0
FNH:0
DA:4,2
LF:1
LH:1
BRF:0
BRH:0
end_of_record
TN:
SF:src\pages\Create.js
FN:15,(anonymous_0)
FN:25,(anonymous_1)
FN:26,(anonymous_2)
FN:32,(anonymous_3)
FN:38,(anonymous_4)
FN:39,(anonymous_5)
FN:67,(anonymous_6)
FN:82,(anonymous_7)
FN:98,(anonymous_8)
FN:112,(anonymous_9)
FN:118,(anonymous_10)
FNF:11
FNH:0
FNDA:0,(anonymous_0)
FNDA:0,(anonymous_1)
FNDA:0,(anonymous_2)
FNDA:0,(anonymous_3)
FNDA:0,(anonymous_4)
FNDA:0,(anonymous_5)
FNDA:0,(anonymous_6)
FNDA:0,(anonymous_7)
FNDA:0,(anonymous_8)
FNDA:0,(anonymous_9)
FNDA:0,(anonymous_10)
DA:15,1
DA:16,0
DA:18,0
DA:25,0
DA:26,0
DA:32,0
DA:33,0
DA:35,0
DA:38,0
DA:39,0
DA:40,0
DA:48,0
DA:51,0
DA:67,0
DA:82,0
DA:98,0
DA:112,0
DA:118,0
DA:127,1
LF:19
LH:2
BRF:0
BRH:0
end_of_record
TN:
SF:src\pages\Edit.js
FN:15,(anonymous_0)
FN:18,(anonymous_1)
FN:24,(anonymous_2)
FN:33,(anonymous_3)
FN:34,(anonymous_4)
FN:40,(anonymous_5)
FN:46,(anonymous_6)
FN:47,(anonymous_7)
FN:71,(anonymous_8)
FN:86,(anonymous_9)
FN:102,(anonymous_10)
FN:116,(anonymous_11)
FN:122,(anonymous_12)
FN:173,mapStateToProps
FNF:14
FNH:0
FNDA:0,(anonymous_0)
FNDA:0,(anonymous_1)
FNDA:0,(anonymous_2)
FNDA:0,(anonymous_3)
FNDA:0,(anonymous_4)
FNDA:0,(anonymous_5)
FNDA:0,(anonymous_6)
FNDA:0,(anonymous_7)
FNDA:0,(anonymous_8)
FNDA:0,(anonymous_9)
FNDA:0,(anonymous_10)
FNDA:0,(anonymous_11)
FNDA:0,(anonymous_12)
FNDA:0,mapStateToProps
DA:15,1
DA:16,0
DA:18,0
DA:19,0
DA:22,0
DA:24,0
DA:25,0
DA:26,0
DA:27,0
DA:28,0
DA:30,0
DA:33,0
DA:34,0
DA:40,0
DA:41,0
DA:43,0
DA:46,0
DA:47,0
DA:48,0
DA:50,0
DA:53,0
DA:55,0
DA:71,0
DA:86,0
DA:102,0
DA:116,0
DA:122,0
DA:131,1
DA:174,0
DA:175,0
LF:30
LH:2
BRDA:26,0,0,0
BRDA:26,0,1,0
BRF:2
BRH:0
end_of_record
TN:
SF:src\pages\Home.js
FN:13,(anonymous_0)
FN:14,(anonymous_1)
FN:15,(anonymous_2)
FN:28,(anonymous_3)
FN:53,mapStateToProps
FNF:5
FNH:0
FNDA:0,(anonymous_0)
FNDA:0,(anonymous_1)
FNDA:0,(anonymous_2)
FNDA:0,(anonymous_3)
FNDA:0,mapStateToProps
DA:13,1
DA:14,0
DA:15,0
DA:16,0
DA:18,0
DA:21,0
DA:23,0
DA:28,0
DA:44,1
DA:54,0
DA:55,0
LF:11
LH:2
BRF:0
BRH:0
end_of_record
TN:
SF:src\pages\index.js
FNF:0
FNH:0
LF:0
LH:0
BRF:0
BRH:0
end_of_record
TN:
SF:src\store\actions.js
FN:4,setContacts
FN:8,setContact
FN:12,setDeleteId
FN:16,(anonymous_3)
FN:16,(anonymous_4)
FN:21,(anonymous_5)
FN:25,(anonymous_6)
FN:31,(anonymous_7)
FN:31,(anonymous_8)
FN:36,(anonymous_9)
FN:40,(anonymous_10)
FN:46,(anonymous_11)
FN:46,(anonymous_12)
FN:51,(anonymous_13)
FN:55,(anonymous_14)
FN:61,(anonymous_15)
FN:61,(anonymous_16)
FN:67,(anonymous_17)
FN:71,(anonymous_18)
FN:77,(anonymous_19)
FN:77,(anonymous_20)
FN:83,(anonymous_21)
FN:87,(anonymous_22)
FNF:23
FNH:0
FNDA:0,setContacts
FNDA:0,setContact
FNDA:0,setDeleteId
FNDA:0,(anonymous_3)
FNDA:0,(anonymous_4)
FNDA:0,(anonymous_5)
FNDA:0,(anonymous_6)
FNDA:0,(anonymous_7)
FNDA:0,(anonymous_8)
FNDA:0,(anonymous_9)
FNDA:0,(anonymous_10)
FNDA:0,(anonymous_11)
FNDA:0,(anonymous_12)
FNDA:0,(anonymous_13)
FNDA:0,(anonymous_14)
FNDA:0,(anonymous_15)
FNDA:0,(anonymous_16)
FNDA:0,(anonymous_17)
FNDA:0,(anonymous_18)
FNDA:0,(anonymous_19)
FNDA:0,(anonymous_20)
FNDA:0,(anonymous_21)
FNDA:0,(anonymous_22)
DA:5,0
DA:9,0
DA:13,0
DA:16,2
DA:17,0
DA:23,0
DA:26,0
DA:31,2
DA:32,0
DA:37,0
DA:38,0
DA:41,0
DA:46,2
DA:47,0
DA:52,0
DA:53,0
DA:56,0
DA:61,2
DA:62,0
DA:68,0
DA:69,0
DA:72,0
DA:77,2
DA:78,0
DA:84,0
DA:85,0
DA:88,0
LF:27
LH:5
BRF:0
BRH:0
end_of_record
TN:
SF:src\store\index.js
FN:12,reducer
FNF:1
FNH:1
FNDA:2,reducer
DA:6,2
DA:13,2
DA:15,0
DA:17,0
DA:19,0
DA:21,2
DA:25,2
LF:7
LH:4
BRDA:12,0,0,2
BRDA:13,1,0,0
BRDA:13,1,1,0
BRDA:13,1,2,0
BRDA:13,1,3,2
BRF:5
BRH:2
end_of_record
